<?xml version="1.0" encoding="UTF-8"?>
<robot generator="Robot 5.0.1 (Python 3.10.4 on win32)" generated="20220719 16:13:31.179" rpa="false" schemaversion="3">
<suite id="s1" name="TestSitePractice" source="C:\Users\thaisa.aguiar\OneDrive - Programmer's Beyond IT\Robot\TestSitePractice.robot">
<test id="s1-t1" name="CT_01: pesquisar produto existente" line="12">
<kw name="Abrir navegador" library="Resource" type="SETUP">
<kw name="Open Browser" library="SeleniumLibrary">
<arg>about:blank</arg>
<arg>${BROWSER}</arg>
<doc>Opens a new browser instance to the optional ``url``.</doc>
<msg timestamp="20220719 16:13:31.344" level="INFO">Opening browser 'firefox' to base url 'about:blank'.</msg>
<msg timestamp="20220719 16:13:31.345" level="INFO">Firefox driver log is always forced to to: C:\Users\thaisa.aguiar\OneDrive - Programmer's Beyond IT\Robot\results\geckodriver-6.log</msg>
<status status="PASS" starttime="20220719 16:13:31.344" endtime="20220719 16:13:37.079"/>
</kw>
<status status="PASS" starttime="20220719 16:13:31.343" endtime="20220719 16:13:37.079"/>
</kw>
<kw name="Acessar página home do site" library="Resource">
<kw name="Go To" library="SeleniumLibrary">
<arg>${URL}</arg>
<doc>Navigates the current browser window to the provided ``url``.</doc>
<msg timestamp="20220719 16:13:37.081" level="INFO">Opening url 'https://www.amazon.com.br/'</msg>
<status status="PASS" starttime="20220719 16:13:37.081" endtime="20220719 16:13:37.646"/>
</kw>
<status status="PASS" starttime="20220719 16:13:37.080" endtime="20220719 16:13:37.646"/>
</kw>
<kw name="Entrar no menu &quot;Eletrônicos&quot;" library="Resource">
<kw name="Click Button" library="SeleniumLibrary">
<arg>xpath=//*[@id="nav-xshop"]/a[6]</arg>
<doc>Clicks the button identified by ``locator``.</doc>
<msg timestamp="20220719 16:13:37.649" level="INFO">Clicking button 'xpath=//*[@id="nav-xshop"]/a[6]'.</msg>
<msg timestamp="20220719 16:13:37.815" level="INFO" html="true">&lt;/td&gt;&lt;/tr&gt;&lt;tr&gt;&lt;td colspan="3"&gt;&lt;a href="selenium-screenshot-3.png"&gt;&lt;img src="selenium-screenshot-3.png" width="800px"&gt;&lt;/a&gt;</msg>
<msg timestamp="20220719 16:13:37.816" level="FAIL">Button with locator 'xpath=//*[@id="nav-xshop"]/a[6]' not found.</msg>
<status status="FAIL" starttime="20220719 16:13:37.648" endtime="20220719 16:13:37.819"/>
</kw>
<status status="FAIL" starttime="20220719 16:13:37.647" endtime="20220719 16:13:37.819"/>
</kw>
<kw name="Verificar se o título da página fica &quot;Eletrônicos e Tecnologia | Amazon.com.br&quot;" library="Resource">
<status status="NOT RUN" starttime="20220719 16:13:37.820" endtime="20220719 16:13:37.820"/>
</kw>
<kw name="Verificar se aparece a frase &quot;Eletrônicos e Tecnologia&quot;" library="Resource">
<status status="NOT RUN" starttime="20220719 16:13:37.820" endtime="20220719 16:13:37.821"/>
</kw>
<kw name="Verificar se aparece a categoria &quot;Computadores e Informática&quot;" library="Resource">
<status status="NOT RUN" starttime="20220719 16:13:37.821" endtime="20220719 16:13:37.821"/>
</kw>
<kw name="Fechar navegador" library="Resource" type="TEARDOWN">
<kw name="Close Browser" library="SeleniumLibrary">
<doc>Closes the current browser.</doc>
<status status="PASS" starttime="20220719 16:13:37.822" endtime="20220719 16:13:38.749"/>
</kw>
<status status="PASS" starttime="20220719 16:13:37.822" endtime="20220719 16:13:38.749"/>
</kw>
<status status="FAIL" starttime="20220719 16:13:31.343" endtime="20220719 16:13:38.749">Button with locator 'xpath=//*[@id="nav-xshop"]/a[6]' not found.</status>
</test>
<status status="FAIL" starttime="20220719 16:13:31.180" endtime="20220719 16:13:38.755"/>
</suite>
<statistics>
<total>
<stat pass="0" fail="1" skip="0">All Tests</stat>
</total>
<tag>
</tag>
<suite>
<stat pass="0" fail="1" skip="0" id="s1" name="TestSitePractice">TestSitePractice</stat>
</suite>
</statistics>
<errors>
</errors>
</robot>
